  main.cpp
C:\Users\mehme\OneDrive\Masaüstü\C++ uygulama\2d_golf_game\2d_golf_game\barrier.cpp(32,16): warning C4244: 'başlatılıyor': 'T' - 'float' dönüşümü; veri kaybı olabilir
C:\Users\mehme\OneDrive\Masaüstü\C++ uygulama\2d_golf_game\2d_golf_game\barrier.cpp(32,16): warning C4244:         with
C:\Users\mehme\OneDrive\Masaüstü\C++ uygulama\2d_golf_game\2d_golf_game\barrier.cpp(32,16): warning C4244:         [
C:\Users\mehme\OneDrive\Masaüstü\C++ uygulama\2d_golf_game\2d_golf_game\barrier.cpp(32,16): warning C4244:             T=unsigned int
C:\Users\mehme\OneDrive\Masaüstü\C++ uygulama\2d_golf_game\2d_golf_game\barrier.cpp(32,16): warning C4244:         ]
C:\Users\mehme\OneDrive\Masaüstü\C++ uygulama\2d_golf_game\2d_golf_game\barrier.cpp(33,16): warning C4244: 'başlatılıyor': 'T' - 'float' dönüşümü; veri kaybı olabilir
C:\Users\mehme\OneDrive\Masaüstü\C++ uygulama\2d_golf_game\2d_golf_game\barrier.cpp(33,16): warning C4244:         with
C:\Users\mehme\OneDrive\Masaüstü\C++ uygulama\2d_golf_game\2d_golf_game\barrier.cpp(33,16): warning C4244:         [
C:\Users\mehme\OneDrive\Masaüstü\C++ uygulama\2d_golf_game\2d_golf_game\barrier.cpp(33,16): warning C4244:             T=unsigned int
C:\Users\mehme\OneDrive\Masaüstü\C++ uygulama\2d_golf_game\2d_golf_game\barrier.cpp(33,16): warning C4244:         ]
C:\Users\mehme\OneDrive\Masaüstü\C++ uygulama\2d_golf_game\2d_golf_game\mouse.cpp(7,60): warning C4244: 'return': 'T' - 'float' dönüşümü; veri kaybı olabilir
C:\Users\mehme\OneDrive\Masaüstü\C++ uygulama\2d_golf_game\2d_golf_game\mouse.cpp(7,60): warning C4244:         with
C:\Users\mehme\OneDrive\Masaüstü\C++ uygulama\2d_golf_game\2d_golf_game\mouse.cpp(7,60): warning C4244:         [
C:\Users\mehme\OneDrive\Masaüstü\C++ uygulama\2d_golf_game\2d_golf_game\mouse.cpp(7,60): warning C4244:             T=int
C:\Users\mehme\OneDrive\Masaüstü\C++ uygulama\2d_golf_game\2d_golf_game\mouse.cpp(7,60): warning C4244:         ]
C:\Users\mehme\OneDrive\Masaüstü\C++ uygulama\2d_golf_game\2d_golf_game\mouse.cpp(8,60): warning C4244: 'return': 'T' - 'float' dönüşümü; veri kaybı olabilir
C:\Users\mehme\OneDrive\Masaüstü\C++ uygulama\2d_golf_game\2d_golf_game\mouse.cpp(8,60): warning C4244:         with
C:\Users\mehme\OneDrive\Masaüstü\C++ uygulama\2d_golf_game\2d_golf_game\mouse.cpp(8,60): warning C4244:         [
C:\Users\mehme\OneDrive\Masaüstü\C++ uygulama\2d_golf_game\2d_golf_game\mouse.cpp(8,60): warning C4244:             T=int
C:\Users\mehme\OneDrive\Masaüstü\C++ uygulama\2d_golf_game\2d_golf_game\mouse.cpp(8,60): warning C4244:         ]
  2d_golf_game.vcxproj -> C:\Users\mehme\OneDrive\Masaüstü\C++ uygulama\2d_golf_game\Debug\2d_golf_game.exe
